<?xml version="1.0" encoding="UTF-8"?>
<testsuite xmlns:xsi="http://www.w3.org/2001/XMLSchema-instance" xsi:noNamespaceSchemaLocation="https://maven.apache.org/surefire/maven-surefire-plugin/xsd/surefire-test-report.xsd" name="winitech.processors.com.MyProcessorTest" time="2.079" tests="1" errors="0" skipped="0" failures="0">
  <properties>
    <property name="sun.desktop" value="windows"/>
    <property name="awt.toolkit" value="sun.awt.windows.WToolkit"/>
    <property name="file.encoding.pkg" value="sun.io"/>
    <property name="java.specification.version" value="1.8"/>
    <property name="sun.cpu.isalist" value="amd64"/>
    <property name="sun.jnu.encoding" value="MS949"/>
    <property name="java.class.path" value="D:\git\Nifi\teamcs\nifi-com-processors\target\test-classes;D:\git\Nifi\teamcs\nifi-com-processors\target\classes;C:\Users\zarate\.m2\repository\org\apache\nifi\nifi-api\1.9.2\nifi-api-1.9.2.jar;C:\Users\zarate\.m2\repository\org\apache\nifi\nifi-utils\1.9.2\nifi-utils-1.9.2.jar;C:\Users\zarate\.m2\repository\org\apache\nifi\nifi-mock\1.9.2\nifi-mock-1.9.2.jar;C:\Users\zarate\.m2\repository\org\apache\nifi\nifi-framework-api\1.9.2\nifi-framework-api-1.9.2.jar;C:\Users\zarate\.m2\repository\org\apache\nifi\nifi-expression-language\1.9.2\nifi-expression-language-1.9.2.jar;C:\Users\zarate\.m2\repository\org\antlr\antlr-runtime\3.5.2\antlr-runtime-3.5.2.jar;C:\Users\zarate\.m2\repository\org\apache\commons\commons-text\1.4\commons-text-1.4.jar;C:\Users\zarate\.m2\repository\org\apache\nifi\nifi-data-provenance-utils\1.9.2\nifi-data-provenance-utils-1.9.2.jar;C:\Users\zarate\.m2\repository\org\apache\nifi\nifi-properties-loader\1.9.2\nifi-properties-loader-1.9.2.jar;C:\Users\zarate\.m2\repository\ch\qos\logback\logback-classic\1.2.3\logback-classic-1.2.3.jar;C:\Users\zarate\.m2\repository\ch\qos\logback\logback-core\1.2.3\logback-core-1.2.3.jar;C:\Users\zarate\.m2\repository\org\apache\nifi\nifi-properties\1.9.2\nifi-properties-1.9.2.jar;C:\Users\zarate\.m2\repository\org\slf4j\slf4j-simple\1.7.25\slf4j-simple-1.7.25.jar;C:\Users\zarate\.m2\repository\org\slf4j\slf4j-api\1.7.25\slf4j-api-1.7.25.jar;C:\Users\zarate\.m2\repository\junit\junit\4.12\junit-4.12.jar;C:\Users\zarate\.m2\repository\org\hamcrest\hamcrest-core\1.3\hamcrest-core-1.3.jar;C:\Users\zarate\.m2\repository\org\apache\nifi\nifi-standard-processors\1.9.2\nifi-standard-processors-1.9.2.jar;C:\Users\zarate\.m2\repository\org\apache\nifi\nifi-processor-utils\1.9.2\nifi-processor-utils-1.9.2.jar;C:\Users\zarate\.m2\repository\org\apache\nifi\nifi-syslog-utils\1.9.2\nifi-syslog-utils-1.9.2.jar;C:\Users\zarate\.m2\repository\com\github\palindromicity\simple-syslog-5424\0.0.11\simple-syslog-5424-0.0.11.jar;C:\Users\zarate\.m2\repository\org\antlr\antlr4-runtime\4.5\antlr4-runtime-4.5.jar;C:\Users\zarate\.m2\repository\org\abego\treelayout\org.abego.treelayout.core\1.0.1\org.abego.treelayout.core-1.0.1.jar;C:\Users\zarate\.m2\repository\org\apache\nifi\nifi-record-path\1.9.2\nifi-record-path-1.9.2.jar;C:\Users\zarate\.m2\repository\org\apache\nifi\nifi-record\1.9.2\nifi-record-1.9.2.jar;C:\Users\zarate\.m2\repository\com\github\ben-manes\caffeine\caffeine\2.6.2\caffeine-2.6.2.jar;C:\Users\zarate\.m2\repository\org\apache\nifi\nifi-flowfile-packager\1.9.2\nifi-flowfile-packager-1.9.2.jar;C:\Users\zarate\.m2\repository\org\apache\nifi\nifi-proxy-configuration-api\1.9.2\nifi-proxy-configuration-api-1.9.2.jar;C:\Users\zarate\.m2\repository\commons-io\commons-io\2.6\commons-io-2.6.jar;C:\Users\zarate\.m2\repository\javax\ws\rs\javax.ws.rs-api\2.1\javax.ws.rs-api-2.1.jar;C:\Users\zarate\.m2\repository\commons-net\commons-net\3.6\commons-net-3.6.jar;C:\Users\zarate\.m2\repository\org\apache\commons\commons-compress\1.18\commons-compress-1.18.jar;C:\Users\zarate\.m2\repository\org\apache\commons\commons-lang3\3.8.1\commons-lang3-3.8.1.jar;C:\Users\zarate\.m2\repository\org\bouncycastle\bcprov-jdk15on\1.60\bcprov-jdk15on-1.60.jar;C:\Users\zarate\.m2\repository\org\bouncycastle\bcpg-jdk15on\1.60\bcpg-jdk15on-1.60.jar;C:\Users\zarate\.m2\repository\org\bouncycastle\bcpkix-jdk15on\1.60\bcpkix-jdk15on-1.60.jar;C:\Users\zarate\.m2\repository\commons-codec\commons-codec\1.11\commons-codec-1.11.jar;C:\Users\zarate\.m2\repository\org\apache\nifi\nifi-security-utils\1.9.2\nifi-security-utils-1.9.2.jar;C:\Users\zarate\.m2\repository\com\jcraft\jsch\0.1.54\jsch-0.1.54.jar;C:\Users\zarate\.m2\repository\com\jcraft\jzlib\1.1.3\jzlib-1.1.3.jar;C:\Users\zarate\.m2\repository\org\apache\httpcomponents\httpclient\4.5.5\httpclient-4.5.5.jar;C:\Users\zarate\.m2\repository\commons-logging\commons-logging\1.2\commons-logging-1.2.jar;C:\Users\zarate\.m2\repository\org\apache\httpcomponents\httpcore\4.4.9\httpcore-4.4.9.jar;C:\Users\zarate\.m2\repository\javax\mail\mail\1.4.7\mail-1.4.7.jar;C:\Users\zarate\.m2\repository\javax\activation\activation\1.1\activation-1.1.jar;C:\Users\zarate\.m2\repository\com\github\jponge\lzma-java\1.3\lzma-java-1.3.jar;C:\Users\zarate\.m2\repository\org\tukaani\xz\1.8\xz-1.8.jar;C:\Users\zarate\.m2\repository\net\sf\saxon\Saxon-HE\9.6.0-5\Saxon-HE-9.6.0-5.jar;C:\Users\zarate\.m2\repository\org\apache\nifi\nifi-socket-utils\1.9.2\nifi-socket-utils-1.9.2.jar;C:\Users\zarate\.m2\repository\org\apache\nifi\nifi-logging-utils\1.9.2\nifi-logging-utils-1.9.2.jar;C:\Users\zarate\.m2\repository\joda-time\joda-time\2.8.2\joda-time-2.8.2.jar;C:\Users\zarate\.m2\repository\javax\jms\javax.jms-api\2.0.1\javax.jms-api-2.0.1.jar;C:\Users\zarate\.m2\repository\org\apache\activemq\activemq-client\5.15.6\activemq-client-5.15.6.jar;C:\Users\zarate\.m2\repository\org\apache\geronimo\specs\geronimo-jms_1.1_spec\1.1.1\geronimo-jms_1.1_spec-1.1.1.jar;C:\Users\zarate\.m2\repository\org\fusesource\hawtbuf\hawtbuf\1.11\hawtbuf-1.11.jar;C:\Users\zarate\.m2\repository\org\apache\geronimo\specs\geronimo-j2ee-management_1.1_spec\1.0.1\geronimo-j2ee-management_1.1_spec-1.0.1.jar;C:\Users\zarate\.m2\repository\com\jayway\jsonpath\json-path\2.4.0\json-path-2.4.0.jar;C:\Users\zarate\.m2\repository\net\minidev\json-smart\2.3\json-smart-2.3.jar;C:\Users\zarate\.m2\repository\net\minidev\accessors-smart\1.2\accessors-smart-1.2.jar;C:\Users\zarate\.m2\repository\org\ow2\asm\asm\5.0.4\asm-5.0.4.jar;C:\Users\zarate\.m2\repository\org\apache\tika\tika-core\1.19.1\tika-core-1.19.1.jar;C:\Users\zarate\.m2\repository\com\fasterxml\jackson\core\jackson-databind\2.9.7\jackson-databind-2.9.7.jar;C:\Users\zarate\.m2\repository\com\fasterxml\jackson\core\jackson-annotations\2.9.0\jackson-annotations-2.9.0.jar;C:\Users\zarate\.m2\repository\com\fasterxml\jackson\core\jackson-core\2.9.7\jackson-core-2.9.7.jar;C:\Users\zarate\.m2\repository\org\apache\nifi\nifi-avro-record-utils\1.9.2\nifi-avro-record-utils-1.9.2.jar;C:\Users\zarate\.m2\repository\org\apache\nifi\nifi-standard-record-utils\1.9.2\nifi-standard-record-utils-1.9.2.jar;C:\Users\zarate\.m2\repository\org\apache\commons\commons-csv\1.5\commons-csv-1.5.jar;C:\Users\zarate\.m2\repository\org\apache\avro\avro\1.8.1\avro-1.8.1.jar;C:\Users\zarate\.m2\repository\org\codehaus\jackson\jackson-core-asl\1.9.13\jackson-core-asl-1.9.13.jar;C:\Users\zarate\.m2\repository\org\codehaus\jackson\jackson-mapper-asl\1.9.13\jackson-mapper-asl-1.9.13.jar;C:\Users\zarate\.m2\repository\com\thoughtworks\paranamer\paranamer\2.7\paranamer-2.7.jar;C:\Users\zarate\.m2\repository\com\squareup\okhttp3\okhttp\3.8.1\okhttp-3.8.1.jar;C:\Users\zarate\.m2\repository\com\squareup\okio\okio\1.13.0\okio-1.13.0.jar;C:\Users\zarate\.m2\repository\com\burgstaller\okhttp-digest\1.18\okhttp-digest-1.18.jar;C:\Users\zarate\.m2\repository\de\svenkubiak\jBCrypt\0.4.1\jBCrypt-0.4.1.jar;C:\Users\zarate\.m2\repository\com\google\guava\guava\18.0\guava-18.0.jar;C:\Users\zarate\.m2\repository\org\xerial\snappy\snappy-java\1.1.7.2\snappy-java-1.1.7.2.jar;C:\Users\zarate\.m2\repository\com\bazaarvoice\jolt\jolt-core\0.1.1\jolt-core-0.1.1.jar;C:\Users\zarate\.m2\repository\javax\inject\javax.inject\1\javax.inject-1.jar;C:\Users\zarate\.m2\repository\com\bazaarvoice\jolt\json-utils\0.1.1\json-utils-0.1.1.jar;C:\Users\zarate\.m2\repository\org\apache\nifi\nifi-standard-utils\1.9.2\nifi-standard-utils-1.9.2.jar;C:\Users\zarate\.m2\repository\net\sf\supercsv\super-csv\2.4.0\super-csv-2.4.0.jar;C:\Users\zarate\.m2\repository\com\fluenda\ParCEFone\1.2.6\ParCEFone-1.2.6.jar;C:\Users\zarate\.m2\repository\javax\validation\validation-api\1.1.0.Final\validation-api-1.1.0.Final.jar;C:\Users\zarate\.m2\repository\javax\el\javax.el-api\3.0.0\javax.el-api-3.0.0.jar;C:\Users\zarate\.m2\repository\com\martiansoftware\macnificent\0.2.0\macnificent-0.2.0.jar;C:\Users\zarate\.m2\repository\com\github\wnameless\json-flattener\0.6.0\json-flattener-0.6.0.jar;C:\Users\zarate\.m2\repository\com\eclipsesource\minimal-json\minimal-json\0.9.5\minimal-json-0.9.5.jar;C:\Users\zarate\.m2\repository\org\apache\bval\bval-jsr\1.1.2\bval-jsr-1.1.2.jar;C:\Users\zarate\.m2\repository\org\apache\bval\bval-core\1.1.2\bval-core-1.1.2.jar;C:\Users\zarate\.m2\repository\io\krakens\java-grok\0.1.9\java-grok-0.1.9.jar;C:\Users\zarate\.m2\repository\org\apache\calcite\calcite-core\1.17.0\calcite-core-1.17.0.jar;C:\Users\zarate\.m2\repository\org\apache\calcite\avatica\avatica-core\1.12.0\avatica-core-1.12.0.jar;C:\Users\zarate\.m2\repository\org\apache\calcite\avatica\avatica-metrics\1.12.0\avatica-metrics-1.12.0.jar;C:\Users\zarate\.m2\repository\com\google\protobuf\protobuf-java\3.3.0\protobuf-java-3.3.0.jar;C:\Users\zarate\.m2\repository\org\apache\calcite\calcite-linq4j\1.17.0\calcite-linq4j-1.17.0.jar;C:\Users\zarate\.m2\repository\org\apache\commons\commons-dbcp2\2.4.0\commons-dbcp2-2.4.0.jar;C:\Users\zarate\.m2\repository\org\apache\commons\commons-pool2\2.5.0\commons-pool2-2.5.0.jar;C:\Users\zarate\.m2\repository\com\esri\geometry\esri-geometry-api\2.0.0\esri-geometry-api-2.0.0.jar;C:\Users\zarate\.m2\repository\com\google\code\findbugs\jsr305\3.0.1\jsr305-3.0.1.jar;C:\Users\zarate\.m2\repository\com\yahoo\datasketches\sketches-core\0.9.0\sketches-core-0.9.0.jar;C:\Users\zarate\.m2\repository\com\yahoo\datasketches\memory\0.9.0\memory-0.9.0.jar;C:\Users\zarate\.m2\repository\net\hydromatic\aggdesigner-algorithm\6.0\aggdesigner-algorithm-6.0.jar;C:\Users\zarate\.m2\repository\commons-lang\commons-lang\2.4\commons-lang-2.4.jar;C:\Users\zarate\.m2\repository\org\codehaus\janino\janino\2.7.6\janino-2.7.6.jar;C:\Users\zarate\.m2\repository\org\codehaus\janino\commons-compiler\2.7.6\commons-compiler-2.7.6.jar;C:\Users\zarate\.m2\repository\org\apache\nifi\nifi-dbcp-service-api\1.9.2\nifi-dbcp-service-api-1.9.2.jar;C:\Users\zarate\.m2\repository\com\oracle\ojdbc6\12.1.0.1-atlassian-hosted\ojdbc6-12.1.0.1-atlassian-hosted.jar;C:\Users\zarate\.m2\repository\org\mockito\mockito-core\1.10.19\mockito-core-1.10.19.jar;C:\Users\zarate\.m2\repository\org\objenesis\objenesis\2.1\objenesis-2.1.jar;C:\Users\zarate\.m2\repository\org\codehaus\groovy\groovy-all\2.4.13\groovy-all-2.4.13.jar;"/>
    <property name="java.vm.vendor" value="Oracle Corporation"/>
    <property name="sun.arch.data.model" value="64"/>
    <property name="user.variant" value=""/>
    <property name="java.vendor.url" value="http://java.oracle.com/"/>
    <property name="user.timezone" value=""/>
    <property name="java.vm.specification.version" value="1.8"/>
    <property name="os.name" value="Windows 10"/>
    <property name="user.country" value="KR"/>
    <property name="sun.java.launcher" value="SUN_STANDARD"/>
    <property name="sun.boot.library.path" value="C:\Program Files\Java\jdk1.8.0_181\jre\bin"/>
    <property name="sun.java.command" value="C:\Users\zarate\AppData\Local\Temp\surefire6525793525699715099\surefirebooter9143413078346537615.jar C:\Users\zarate\AppData\Local\Temp\surefire6525793525699715099 2019-08-23T17-10-04_816-jvmRun1 surefire1291359365008555512tmp surefire_04109820038032632627tmp"/>
    <property name="surefire.test.class.path" value="D:\git\Nifi\teamcs\nifi-com-processors\target\test-classes;D:\git\Nifi\teamcs\nifi-com-processors\target\classes;C:\Users\zarate\.m2\repository\org\apache\nifi\nifi-api\1.9.2\nifi-api-1.9.2.jar;C:\Users\zarate\.m2\repository\org\apache\nifi\nifi-utils\1.9.2\nifi-utils-1.9.2.jar;C:\Users\zarate\.m2\repository\org\apache\nifi\nifi-mock\1.9.2\nifi-mock-1.9.2.jar;C:\Users\zarate\.m2\repository\org\apache\nifi\nifi-framework-api\1.9.2\nifi-framework-api-1.9.2.jar;C:\Users\zarate\.m2\repository\org\apache\nifi\nifi-expression-language\1.9.2\nifi-expression-language-1.9.2.jar;C:\Users\zarate\.m2\repository\org\antlr\antlr-runtime\3.5.2\antlr-runtime-3.5.2.jar;C:\Users\zarate\.m2\repository\org\apache\commons\commons-text\1.4\commons-text-1.4.jar;C:\Users\zarate\.m2\repository\org\apache\nifi\nifi-data-provenance-utils\1.9.2\nifi-data-provenance-utils-1.9.2.jar;C:\Users\zarate\.m2\repository\org\apache\nifi\nifi-properties-loader\1.9.2\nifi-properties-loader-1.9.2.jar;C:\Users\zarate\.m2\repository\ch\qos\logback\logback-classic\1.2.3\logback-classic-1.2.3.jar;C:\Users\zarate\.m2\repository\ch\qos\logback\logback-core\1.2.3\logback-core-1.2.3.jar;C:\Users\zarate\.m2\repository\org\apache\nifi\nifi-properties\1.9.2\nifi-properties-1.9.2.jar;C:\Users\zarate\.m2\repository\org\slf4j\slf4j-simple\1.7.25\slf4j-simple-1.7.25.jar;C:\Users\zarate\.m2\repository\org\slf4j\slf4j-api\1.7.25\slf4j-api-1.7.25.jar;C:\Users\zarate\.m2\repository\junit\junit\4.12\junit-4.12.jar;C:\Users\zarate\.m2\repository\org\hamcrest\hamcrest-core\1.3\hamcrest-core-1.3.jar;C:\Users\zarate\.m2\repository\org\apache\nifi\nifi-standard-processors\1.9.2\nifi-standard-processors-1.9.2.jar;C:\Users\zarate\.m2\repository\org\apache\nifi\nifi-processor-utils\1.9.2\nifi-processor-utils-1.9.2.jar;C:\Users\zarate\.m2\repository\org\apache\nifi\nifi-syslog-utils\1.9.2\nifi-syslog-utils-1.9.2.jar;C:\Users\zarate\.m2\repository\com\github\palindromicity\simple-syslog-5424\0.0.11\simple-syslog-5424-0.0.11.jar;C:\Users\zarate\.m2\repository\org\antlr\antlr4-runtime\4.5\antlr4-runtime-4.5.jar;C:\Users\zarate\.m2\repository\org\abego\treelayout\org.abego.treelayout.core\1.0.1\org.abego.treelayout.core-1.0.1.jar;C:\Users\zarate\.m2\repository\org\apache\nifi\nifi-record-path\1.9.2\nifi-record-path-1.9.2.jar;C:\Users\zarate\.m2\repository\org\apache\nifi\nifi-record\1.9.2\nifi-record-1.9.2.jar;C:\Users\zarate\.m2\repository\com\github\ben-manes\caffeine\caffeine\2.6.2\caffeine-2.6.2.jar;C:\Users\zarate\.m2\repository\org\apache\nifi\nifi-flowfile-packager\1.9.2\nifi-flowfile-packager-1.9.2.jar;C:\Users\zarate\.m2\repository\org\apache\nifi\nifi-proxy-configuration-api\1.9.2\nifi-proxy-configuration-api-1.9.2.jar;C:\Users\zarate\.m2\repository\commons-io\commons-io\2.6\commons-io-2.6.jar;C:\Users\zarate\.m2\repository\javax\ws\rs\javax.ws.rs-api\2.1\javax.ws.rs-api-2.1.jar;C:\Users\zarate\.m2\repository\commons-net\commons-net\3.6\commons-net-3.6.jar;C:\Users\zarate\.m2\repository\org\apache\commons\commons-compress\1.18\commons-compress-1.18.jar;C:\Users\zarate\.m2\repository\org\apache\commons\commons-lang3\3.8.1\commons-lang3-3.8.1.jar;C:\Users\zarate\.m2\repository\org\bouncycastle\bcprov-jdk15on\1.60\bcprov-jdk15on-1.60.jar;C:\Users\zarate\.m2\repository\org\bouncycastle\bcpg-jdk15on\1.60\bcpg-jdk15on-1.60.jar;C:\Users\zarate\.m2\repository\org\bouncycastle\bcpkix-jdk15on\1.60\bcpkix-jdk15on-1.60.jar;C:\Users\zarate\.m2\repository\commons-codec\commons-codec\1.11\commons-codec-1.11.jar;C:\Users\zarate\.m2\repository\org\apache\nifi\nifi-security-utils\1.9.2\nifi-security-utils-1.9.2.jar;C:\Users\zarate\.m2\repository\com\jcraft\jsch\0.1.54\jsch-0.1.54.jar;C:\Users\zarate\.m2\repository\com\jcraft\jzlib\1.1.3\jzlib-1.1.3.jar;C:\Users\zarate\.m2\repository\org\apache\httpcomponents\httpclient\4.5.5\httpclient-4.5.5.jar;C:\Users\zarate\.m2\repository\commons-logging\commons-logging\1.2\commons-logging-1.2.jar;C:\Users\zarate\.m2\repository\org\apache\httpcomponents\httpcore\4.4.9\httpcore-4.4.9.jar;C:\Users\zarate\.m2\repository\javax\mail\mail\1.4.7\mail-1.4.7.jar;C:\Users\zarate\.m2\repository\javax\activation\activation\1.1\activation-1.1.jar;C:\Users\zarate\.m2\repository\com\github\jponge\lzma-java\1.3\lzma-java-1.3.jar;C:\Users\zarate\.m2\repository\org\tukaani\xz\1.8\xz-1.8.jar;C:\Users\zarate\.m2\repository\net\sf\saxon\Saxon-HE\9.6.0-5\Saxon-HE-9.6.0-5.jar;C:\Users\zarate\.m2\repository\org\apache\nifi\nifi-socket-utils\1.9.2\nifi-socket-utils-1.9.2.jar;C:\Users\zarate\.m2\repository\org\apache\nifi\nifi-logging-utils\1.9.2\nifi-logging-utils-1.9.2.jar;C:\Users\zarate\.m2\repository\joda-time\joda-time\2.8.2\joda-time-2.8.2.jar;C:\Users\zarate\.m2\repository\javax\jms\javax.jms-api\2.0.1\javax.jms-api-2.0.1.jar;C:\Users\zarate\.m2\repository\org\apache\activemq\activemq-client\5.15.6\activemq-client-5.15.6.jar;C:\Users\zarate\.m2\repository\org\apache\geronimo\specs\geronimo-jms_1.1_spec\1.1.1\geronimo-jms_1.1_spec-1.1.1.jar;C:\Users\zarate\.m2\repository\org\fusesource\hawtbuf\hawtbuf\1.11\hawtbuf-1.11.jar;C:\Users\zarate\.m2\repository\org\apache\geronimo\specs\geronimo-j2ee-management_1.1_spec\1.0.1\geronimo-j2ee-management_1.1_spec-1.0.1.jar;C:\Users\zarate\.m2\repository\com\jayway\jsonpath\json-path\2.4.0\json-path-2.4.0.jar;C:\Users\zarate\.m2\repository\net\minidev\json-smart\2.3\json-smart-2.3.jar;C:\Users\zarate\.m2\repository\net\minidev\accessors-smart\1.2\accessors-smart-1.2.jar;C:\Users\zarate\.m2\repository\org\ow2\asm\asm\5.0.4\asm-5.0.4.jar;C:\Users\zarate\.m2\repository\org\apache\tika\tika-core\1.19.1\tika-core-1.19.1.jar;C:\Users\zarate\.m2\repository\com\fasterxml\jackson\core\jackson-databind\2.9.7\jackson-databind-2.9.7.jar;C:\Users\zarate\.m2\repository\com\fasterxml\jackson\core\jackson-annotations\2.9.0\jackson-annotations-2.9.0.jar;C:\Users\zarate\.m2\repository\com\fasterxml\jackson\core\jackson-core\2.9.7\jackson-core-2.9.7.jar;C:\Users\zarate\.m2\repository\org\apache\nifi\nifi-avro-record-utils\1.9.2\nifi-avro-record-utils-1.9.2.jar;C:\Users\zarate\.m2\repository\org\apache\nifi\nifi-standard-record-utils\1.9.2\nifi-standard-record-utils-1.9.2.jar;C:\Users\zarate\.m2\repository\org\apache\commons\commons-csv\1.5\commons-csv-1.5.jar;C:\Users\zarate\.m2\repository\org\apache\avro\avro\1.8.1\avro-1.8.1.jar;C:\Users\zarate\.m2\repository\org\codehaus\jackson\jackson-core-asl\1.9.13\jackson-core-asl-1.9.13.jar;C:\Users\zarate\.m2\repository\org\codehaus\jackson\jackson-mapper-asl\1.9.13\jackson-mapper-asl-1.9.13.jar;C:\Users\zarate\.m2\repository\com\thoughtworks\paranamer\paranamer\2.7\paranamer-2.7.jar;C:\Users\zarate\.m2\repository\com\squareup\okhttp3\okhttp\3.8.1\okhttp-3.8.1.jar;C:\Users\zarate\.m2\repository\com\squareup\okio\okio\1.13.0\okio-1.13.0.jar;C:\Users\zarate\.m2\repository\com\burgstaller\okhttp-digest\1.18\okhttp-digest-1.18.jar;C:\Users\zarate\.m2\repository\de\svenkubiak\jBCrypt\0.4.1\jBCrypt-0.4.1.jar;C:\Users\zarate\.m2\repository\com\google\guava\guava\18.0\guava-18.0.jar;C:\Users\zarate\.m2\repository\org\xerial\snappy\snappy-java\1.1.7.2\snappy-java-1.1.7.2.jar;C:\Users\zarate\.m2\repository\com\bazaarvoice\jolt\jolt-core\0.1.1\jolt-core-0.1.1.jar;C:\Users\zarate\.m2\repository\javax\inject\javax.inject\1\javax.inject-1.jar;C:\Users\zarate\.m2\repository\com\bazaarvoice\jolt\json-utils\0.1.1\json-utils-0.1.1.jar;C:\Users\zarate\.m2\repository\org\apache\nifi\nifi-standard-utils\1.9.2\nifi-standard-utils-1.9.2.jar;C:\Users\zarate\.m2\repository\net\sf\supercsv\super-csv\2.4.0\super-csv-2.4.0.jar;C:\Users\zarate\.m2\repository\com\fluenda\ParCEFone\1.2.6\ParCEFone-1.2.6.jar;C:\Users\zarate\.m2\repository\javax\validation\validation-api\1.1.0.Final\validation-api-1.1.0.Final.jar;C:\Users\zarate\.m2\repository\javax\el\javax.el-api\3.0.0\javax.el-api-3.0.0.jar;C:\Users\zarate\.m2\repository\com\martiansoftware\macnificent\0.2.0\macnificent-0.2.0.jar;C:\Users\zarate\.m2\repository\com\github\wnameless\json-flattener\0.6.0\json-flattener-0.6.0.jar;C:\Users\zarate\.m2\repository\com\eclipsesource\minimal-json\minimal-json\0.9.5\minimal-json-0.9.5.jar;C:\Users\zarate\.m2\repository\org\apache\bval\bval-jsr\1.1.2\bval-jsr-1.1.2.jar;C:\Users\zarate\.m2\repository\org\apache\bval\bval-core\1.1.2\bval-core-1.1.2.jar;C:\Users\zarate\.m2\repository\io\krakens\java-grok\0.1.9\java-grok-0.1.9.jar;C:\Users\zarate\.m2\repository\org\apache\calcite\calcite-core\1.17.0\calcite-core-1.17.0.jar;C:\Users\zarate\.m2\repository\org\apache\calcite\avatica\avatica-core\1.12.0\avatica-core-1.12.0.jar;C:\Users\zarate\.m2\repository\org\apache\calcite\avatica\avatica-metrics\1.12.0\avatica-metrics-1.12.0.jar;C:\Users\zarate\.m2\repository\com\google\protobuf\protobuf-java\3.3.0\protobuf-java-3.3.0.jar;C:\Users\zarate\.m2\repository\org\apache\calcite\calcite-linq4j\1.17.0\calcite-linq4j-1.17.0.jar;C:\Users\zarate\.m2\repository\org\apache\commons\commons-dbcp2\2.4.0\commons-dbcp2-2.4.0.jar;C:\Users\zarate\.m2\repository\org\apache\commons\commons-pool2\2.5.0\commons-pool2-2.5.0.jar;C:\Users\zarate\.m2\repository\com\esri\geometry\esri-geometry-api\2.0.0\esri-geometry-api-2.0.0.jar;C:\Users\zarate\.m2\repository\com\google\code\findbugs\jsr305\3.0.1\jsr305-3.0.1.jar;C:\Users\zarate\.m2\repository\com\yahoo\datasketches\sketches-core\0.9.0\sketches-core-0.9.0.jar;C:\Users\zarate\.m2\repository\com\yahoo\datasketches\memory\0.9.0\memory-0.9.0.jar;C:\Users\zarate\.m2\repository\net\hydromatic\aggdesigner-algorithm\6.0\aggdesigner-algorithm-6.0.jar;C:\Users\zarate\.m2\repository\commons-lang\commons-lang\2.4\commons-lang-2.4.jar;C:\Users\zarate\.m2\repository\org\codehaus\janino\janino\2.7.6\janino-2.7.6.jar;C:\Users\zarate\.m2\repository\org\codehaus\janino\commons-compiler\2.7.6\commons-compiler-2.7.6.jar;C:\Users\zarate\.m2\repository\org\apache\nifi\nifi-dbcp-service-api\1.9.2\nifi-dbcp-service-api-1.9.2.jar;C:\Users\zarate\.m2\repository\com\oracle\ojdbc6\12.1.0.1-atlassian-hosted\ojdbc6-12.1.0.1-atlassian-hosted.jar;C:\Users\zarate\.m2\repository\org\mockito\mockito-core\1.10.19\mockito-core-1.10.19.jar;C:\Users\zarate\.m2\repository\org\objenesis\objenesis\2.1\objenesis-2.1.jar;C:\Users\zarate\.m2\repository\org\codehaus\groovy\groovy-all\2.4.13\groovy-all-2.4.13.jar;"/>
    <property name="sun.cpu.endian" value="little"/>
    <property name="user.home" value="C:\Users\zarate"/>
    <property name="user.language" value="ko"/>
    <property name="java.specification.vendor" value="Oracle Corporation"/>
    <property name="java.home" value="C:\Program Files\Java\jdk1.8.0_181\jre"/>
    <property name="basedir" value="D:\git\Nifi\teamcs\nifi-com-processors"/>
    <property name="file.separator" value="\"/>
    <property name="line.separator" value="&#10;"/>
    <property name="java.vm.specification.vendor" value="Oracle Corporation"/>
    <property name="java.specification.name" value="Java Platform API Specification"/>
    <property name="java.awt.graphicsenv" value="sun.awt.Win32GraphicsEnvironment"/>
    <property name="java.awt.headless" value="true"/>
    <property name="surefire.real.class.path" value="C:\Users\zarate\AppData\Local\Temp\surefire6525793525699715099\surefirebooter9143413078346537615.jar"/>
    <property name="sun.boot.class.path" value="C:\Program Files\Java\jdk1.8.0_181\jre\lib\resources.jar;C:\Program Files\Java\jdk1.8.0_181\jre\lib\rt.jar;C:\Program Files\Java\jdk1.8.0_181\jre\lib\sunrsasign.jar;C:\Program Files\Java\jdk1.8.0_181\jre\lib\jsse.jar;C:\Program Files\Java\jdk1.8.0_181\jre\lib\jce.jar;C:\Program Files\Java\jdk1.8.0_181\jre\lib\charsets.jar;C:\Program Files\Java\jdk1.8.0_181\jre\lib\jfr.jar;C:\Program Files\Java\jdk1.8.0_181\jre\classes"/>
    <property name="user.script" value=""/>
    <property name="sun.management.compiler" value="HotSpot 64-Bit Tiered Compilers"/>
    <property name="java.runtime.version" value="1.8.0_181-b13"/>
    <property name="java.net.preferIPv4Stack" value="true"/>
    <property name="user.name" value="zarate"/>
    <property name="path.separator" value=";"/>
    <property name="os.version" value="10.0"/>
    <property name="java.endorsed.dirs" value="C:\Program Files\Java\jdk1.8.0_181\jre\lib\endorsed"/>
    <property name="java.runtime.name" value="Java(TM) SE Runtime Environment"/>
    <property name="file.encoding" value="UTF-8"/>
    <property name="java.vm.name" value="Java HotSpot(TM) 64-Bit Server VM"/>
    <property name="localRepository" value="C:\Users\zarate\.m2\repository"/>
    <property name="java.vendor.url.bug" value="http://bugreport.sun.com/bugreport/"/>
    <property name="java.io.tmpdir" value="C:\Users\zarate\AppData\Local\Temp\"/>
    <property name="java.version" value="1.8.0_181"/>
    <property name="user.dir" value="D:\git\Nifi\teamcs\nifi-com-processors"/>
    <property name="os.arch" value="amd64"/>
    <property name="java.vm.specification.name" value="Java Virtual Machine Specification"/>
    <property name="java.awt.printerjob" value="sun.awt.windows.WPrinterJob"/>
    <property name="sun.os.patch.level" value=""/>
    <property name="java.library.path" value="C:\Program Files\Java\jdk1.8.0_181\jre\bin;C:\WINDOWS\Sun\Java\bin;C:\WINDOWS\system32;C:\WINDOWS;C:/Program Files/Java/jre1.8.0_221/bin/server;C:/Program Files/Java/jre1.8.0_221/bin;C:/Program Files/Java/jre1.8.0_221/lib/amd64;C:\Program Files (x86)\Intel\Intel(R) Management Engine Components\iCLS\;C:\Program Files\Intel\Intel(R) Management Engine Components\iCLS\;D:\app\zarate\product\11.2.0\client_3;C:\Program Files (x86)\Common Files\Oracle\Java\javapath;C:\WINDOWS\system32;C:\WINDOWS;C:\WINDOWS\System32\Wbem;C:\WINDOWS\System32\WindowsPowerShell\v1.0\;C:\WINDOWS\System32\OpenSSH\;C:\Program Files\Microsoft SQL Server\110\Tools\Binn\;C:\Program Files\PuTTY\;C:\Program Files\Git\cmd;C:\Program Files\TortoiseSVN\bin;D:\createOS\nasm-2.14;D:\gradle-5.1.1\bin;C:\Program Files\IDM Computer Solutions\UltraEdit;C:\Cygwin\bin;C:\Cygwin\usr\cross\bin;C:\Users\zarate\Desktop\grpc\web;C:\Users\zarate\Desktop\grpc\web\protoc\bin;C:\Program Files\nodejs\;C:\Program Files (x86)\Yarn\bin\;D:\study\apache-maven-3.6.1\bin;C:\consul;C:\dev\apache-tomcat-8.5.38\apache-tomcat-8.5.38\bin;C:\dev\java\open1.8\bin;C:\Program Files\Java\jre1.8.0_211\bin;C:\Program Files (x86)\Intel\Intel(R) Management Engine Components\DAL;C:\Program Files\Intel\Intel(R) Management Engine Components\DAL;C:\Users\zarate\AppData\Local\Programs\Python\Python36;C:\Users\zarate\AppData\Local\Programs\Python\Python36\Scripts;C:\Users\zarate\AppData\Local\Microsoft\WindowsApps;C:\Program Files\Bandizip\;C:\Users\zarate\AppData\Local\atom\bin;C:\Users\zarate\AppData\Roaming\npm;C:\Users\zarate\AppData\Local\Yarn\bin;C:\Users\zarate\AppData\Local\Programs\Microsoft VS Code\bin;C:\Users\zarate\AppData\Local\Microsoft\WindowsApps;;C:\dev\sts-3.9.8.RELEASE;;."/>
    <property name="java.vm.info" value="mixed mode"/>
    <property name="java.vendor" value="Oracle Corporation"/>
    <property name="java.vm.version" value="25.181-b13"/>
    <property name="java.ext.dirs" value="C:\Program Files\Java\jdk1.8.0_181\jre\lib\ext;C:\WINDOWS\Sun\Java\lib\ext"/>
    <property name="sun.io.unicode.encoding" value="UnicodeLittle"/>
    <property name="java.class.version" value="52.0"/>
  </properties>
  <testcase name="testProcessor" classname="winitech.processors.com.MyProcessorTest" time="2.034"/>
</testsuite>